{"D:\\SE\\brace\\client\\src\\components\\user\\LoginForm.tsx": {"path":"D:\\SE\\brace\\client\\src\\components\\user\\LoginForm.tsx","statementMap":{"0":{"start":{"line":39,"column":50},"end":{"line":39,"column":65}},"1":{"start":{"line":40,"column":45},"end":{"line":40,"column":58}},"2":{"start":{"line":42,"column":29},"end":{"line":44,"column":3}},"3":{"start":{"line":43,"column":4},"end":{"line":43,"column":63}},"4":{"start":{"line":43,"column":44},"end":{"line":43,"column":61}},"5":{"start":{"line":47,"column":22},"end":{"line":50,"column":4}},"6":{"start":{"line":53,"column":17},"end":{"line":83,"column":4}},"7":{"start":{"line":60,"column":6},"end":{"line":81,"column":7}},"8":{"start":{"line":61,"column":24},"end":{"line":61,"column":74}},"9":{"start":{"line":62,"column":8},"end":{"line":78,"column":9}},"10":{"start":{"line":63,"column":10},"end":{"line":63,"column":22}},"11":{"start":{"line":64,"column":10},"end":{"line":64,"column":31}},"12":{"start":{"line":65,"column":10},"end":{"line":67,"column":13}},"13":{"start":{"line":69,"column":10},"end":{"line":76,"column":13}},"14":{"start":{"line":72,"column":14},"end":{"line":74,"column":27}},"15":{"start":{"line":72,"column":54},"end":{"line":72,"column":72}},"16":{"start":{"line":77,"column":10},"end":{"line":77,"column":31}},"17":{"start":{"line":80,"column":8},"end":{"line":80,"column":36}},"18":{"start":{"line":85,"column":2},"end":{"line":145,"column":4}}},"fnMap":{"0":{"name":"LoginForm","decl":{"start":{"line":35,"column":24},"end":{"line":35,"column":33}},"loc":{"start":{"line":38,"column":32},"end":{"line":146,"column":1}},"line":38},"1":{"name":"(anonymous_1)","decl":{"start":{"line":42,"column":29},"end":{"line":42,"column":30}},"loc":{"start":{"line":42,"column":35},"end":{"line":44,"column":3}},"line":42},"2":{"name":"(anonymous_2)","decl":{"start":{"line":43,"column":24},"end":{"line":43,"column":25}},"loc":{"start":{"line":43,"column":44},"end":{"line":43,"column":61}},"line":43},"3":{"name":"(anonymous_3)","decl":{"start":{"line":59,"column":14},"end":{"line":59,"column":15}},"loc":{"start":{"line":59,"column":73},"end":{"line":82,"column":5}},"line":59},"4":{"name":"(anonymous_4)","decl":{"start":{"line":71,"column":20},"end":{"line":71,"column":21}},"loc":{"start":{"line":72,"column":14},"end":{"line":74,"column":27}},"line":72},"5":{"name":"(anonymous_5)","decl":{"start":{"line":72,"column":48},"end":{"line":72,"column":49}},"loc":{"start":{"line":72,"column":54},"end":{"line":72,"column":72}},"line":72}},"branchMap":{"0":{"loc":{"start":{"line":62,"column":8},"end":{"line":78,"column":9}},"type":"if","locations":[{"start":{"line":62,"column":8},"end":{"line":78,"column":9}},{"start":{"line":68,"column":15},"end":{"line":78,"column":9}}],"line":62},"1":{"loc":{"start":{"line":89,"column":11},"end":{"line":91,"column":11}},"type":"binary-expr","locations":[{"start":{"line":89,"column":11},"end":{"line":89,"column":43}},{"start":{"line":90,"column":12},"end":{"line":90,"column":78}}],"line":89},"2":{"loc":{"start":{"line":98,"column":27},"end":{"line":98,"column":76}},"type":"binary-expr","locations":[{"start":{"line":98,"column":27},"end":{"line":98,"column":50}},{"start":{"line":98,"column":54},"end":{"line":98,"column":76}}],"line":98},"3":{"loc":{"start":{"line":99,"column":24},"end":{"line":99,"column":73}},"type":"binary-expr","locations":[{"start":{"line":99,"column":24},"end":{"line":99,"column":47}},{"start":{"line":99,"column":51},"end":{"line":99,"column":73}}],"line":99},"4":{"loc":{"start":{"line":104,"column":18},"end":{"line":104,"column":56}},"type":"cond-expr","locations":[{"start":{"line":104,"column":37},"end":{"line":104,"column":43}},{"start":{"line":104,"column":46},"end":{"line":104,"column":56}}],"line":104},"5":{"loc":{"start":{"line":107,"column":27},"end":{"line":107,"column":76}},"type":"binary-expr","locations":[{"start":{"line":107,"column":27},"end":{"line":107,"column":50}},{"start":{"line":107,"column":54},"end":{"line":107,"column":76}}],"line":107},"6":{"loc":{"start":{"line":108,"column":24},"end":{"line":108,"column":73}},"type":"binary-expr","locations":[{"start":{"line":108,"column":24},"end":{"line":108,"column":47}},{"start":{"line":108,"column":51},"end":{"line":108,"column":73}}],"line":108},"7":{"loc":{"start":{"line":113,"column":32},"end":{"line":113,"column":71}},"type":"cond-expr","locations":[{"start":{"line":113,"column":51},"end":{"line":113,"column":58}},{"start":{"line":113,"column":61},"end":{"line":113,"column":71}}],"line":113},"8":{"loc":{"start":{"line":120,"column":11},"end":{"line":131,"column":11}},"type":"binary-expr","locations":[{"start":{"line":120,"column":11},"end":{"line":120,"column":19}},{"start":{"line":121,"column":12},"end":{"line":130,"column":25}}],"line":120}},"s":{"0":132,"1":132,"2":132,"3":0,"4":0,"5":132,"6":132,"7":1,"8":1,"9":1,"10":0,"11":0,"12":0,"13":1,"14":1,"15":0,"16":1,"17":0,"18":132},"f":{"0":132,"1":0,"2":0,"3":1,"4":1,"5":0},"b":{"0":[0,1],"1":[132,0],"2":[132,97],"3":[132,97],"4":[0,132],"5":[132,80],"6":[132,80],"7":[0,132],"8":[132,132]},"_coverageSchema":"1a1c01bbd47fc00a2c39e90264f33305004495a9","hash":"5da1596dff1d3314749bc87f2610883a8a2fedf5"}
,"D:\\SE\\brace\\client\\src\\components\\user\\RegisterForm.tsx": {"path":"D:\\SE\\brace\\client\\src\\components\\user\\RegisterForm.tsx","statementMap":{"0":{"start":{"line":32,"column":50},"end":{"line":32,"column":65}},"1":{"start":{"line":33,"column":64},"end":{"line":33,"column":79}},"2":{"start":{"line":34,"column":45},"end":{"line":34,"column":58}},"3":{"start":{"line":35,"column":15},"end":{"line":35,"column":24}},"4":{"start":{"line":37,"column":29},"end":{"line":39,"column":3}},"5":{"start":{"line":38,"column":4},"end":{"line":38,"column":63}},"6":{"start":{"line":38,"column":44},"end":{"line":38,"column":61}},"7":{"start":{"line":41,"column":36},"end":{"line":45,"column":3}},"8":{"start":{"line":42,"column":4},"end":{"line":44,"column":6}},"9":{"start":{"line":43,"column":33},"end":{"line":43,"column":57}},"10":{"start":{"line":48,"column":25},"end":{"line":58,"column":4}},"11":{"start":{"line":61,"column":17},"end":{"line":97,"column":4}},"12":{"start":{"line":70,"column":6},"end":{"line":95,"column":7}},"13":{"start":{"line":71,"column":24},"end":{"line":75,"column":9}},"14":{"start":{"line":76,"column":8},"end":{"line":92,"column":9}},"15":{"start":{"line":77,"column":10},"end":{"line":77,"column":22}},"16":{"start":{"line":78,"column":10},"end":{"line":78,"column":31}},"17":{"start":{"line":79,"column":10},"end":{"line":81,"column":13}},"18":{"start":{"line":83,"column":10},"end":{"line":90,"column":13}},"19":{"start":{"line":86,"column":14},"end":{"line":88,"column":27}},"20":{"start":{"line":86,"column":54},"end":{"line":86,"column":72}},"21":{"start":{"line":91,"column":10},"end":{"line":91,"column":31}},"22":{"start":{"line":94,"column":8},"end":{"line":94,"column":36}},"23":{"start":{"line":99,"column":2},"end":{"line":190,"column":4}}},"fnMap":{"0":{"name":"RegisterForm","decl":{"start":{"line":31,"column":24},"end":{"line":31,"column":36}},"loc":{"start":{"line":31,"column":52},"end":{"line":191,"column":1}},"line":31},"1":{"name":"(anonymous_1)","decl":{"start":{"line":37,"column":29},"end":{"line":37,"column":30}},"loc":{"start":{"line":37,"column":35},"end":{"line":39,"column":3}},"line":37},"2":{"name":"(anonymous_2)","decl":{"start":{"line":38,"column":24},"end":{"line":38,"column":25}},"loc":{"start":{"line":38,"column":44},"end":{"line":38,"column":61}},"line":38},"3":{"name":"(anonymous_3)","decl":{"start":{"line":41,"column":36},"end":{"line":41,"column":37}},"loc":{"start":{"line":41,"column":42},"end":{"line":45,"column":3}},"line":41},"4":{"name":"(anonymous_4)","decl":{"start":{"line":43,"column":6},"end":{"line":43,"column":7}},"loc":{"start":{"line":43,"column":33},"end":{"line":43,"column":57}},"line":43},"5":{"name":"(anonymous_5)","decl":{"start":{"line":69,"column":14},"end":{"line":69,"column":15}},"loc":{"start":{"line":69,"column":73},"end":{"line":96,"column":5}},"line":69},"6":{"name":"(anonymous_6)","decl":{"start":{"line":85,"column":20},"end":{"line":85,"column":21}},"loc":{"start":{"line":86,"column":14},"end":{"line":88,"column":27}},"line":86},"7":{"name":"(anonymous_7)","decl":{"start":{"line":86,"column":48},"end":{"line":86,"column":49}},"loc":{"start":{"line":86,"column":54},"end":{"line":86,"column":72}},"line":86}},"branchMap":{"0":{"loc":{"start":{"line":76,"column":8},"end":{"line":92,"column":9}},"type":"if","locations":[{"start":{"line":76,"column":8},"end":{"line":92,"column":9}},{"start":{"line":82,"column":15},"end":{"line":92,"column":9}}],"line":76},"1":{"loc":{"start":{"line":103,"column":11},"end":{"line":105,"column":11}},"type":"binary-expr","locations":[{"start":{"line":103,"column":11},"end":{"line":103,"column":43}},{"start":{"line":104,"column":12},"end":{"line":104,"column":78}}],"line":103},"2":{"loc":{"start":{"line":112,"column":27},"end":{"line":112,"column":76}},"type":"binary-expr","locations":[{"start":{"line":112,"column":27},"end":{"line":112,"column":50}},{"start":{"line":112,"column":54},"end":{"line":112,"column":76}}],"line":112},"3":{"loc":{"start":{"line":113,"column":24},"end":{"line":113,"column":73}},"type":"binary-expr","locations":[{"start":{"line":113,"column":24},"end":{"line":113,"column":47}},{"start":{"line":113,"column":51},"end":{"line":113,"column":73}}],"line":113},"4":{"loc":{"start":{"line":121,"column":27},"end":{"line":121,"column":70}},"type":"binary-expr","locations":[{"start":{"line":121,"column":27},"end":{"line":121,"column":47}},{"start":{"line":121,"column":51},"end":{"line":121,"column":70}}],"line":121},"5":{"loc":{"start":{"line":122,"column":24},"end":{"line":122,"column":67}},"type":"binary-expr","locations":[{"start":{"line":122,"column":24},"end":{"line":122,"column":44}},{"start":{"line":122,"column":48},"end":{"line":122,"column":67}}],"line":122},"6":{"loc":{"start":{"line":127,"column":18},"end":{"line":127,"column":56}},"type":"cond-expr","locations":[{"start":{"line":127,"column":37},"end":{"line":127,"column":43}},{"start":{"line":127,"column":46},"end":{"line":127,"column":56}}],"line":127},"7":{"loc":{"start":{"line":130,"column":27},"end":{"line":130,"column":76}},"type":"binary-expr","locations":[{"start":{"line":130,"column":27},"end":{"line":130,"column":50}},{"start":{"line":130,"column":54},"end":{"line":130,"column":76}}],"line":130},"8":{"loc":{"start":{"line":131,"column":24},"end":{"line":131,"column":73}},"type":"binary-expr","locations":[{"start":{"line":131,"column":24},"end":{"line":131,"column":47}},{"start":{"line":131,"column":51},"end":{"line":131,"column":73}}],"line":131},"9":{"loc":{"start":{"line":136,"column":32},"end":{"line":136,"column":71}},"type":"cond-expr","locations":[{"start":{"line":136,"column":51},"end":{"line":136,"column":58}},{"start":{"line":136,"column":61},"end":{"line":136,"column":71}}],"line":136},"10":{"loc":{"start":{"line":145,"column":18},"end":{"line":145,"column":63}},"type":"cond-expr","locations":[{"start":{"line":145,"column":44},"end":{"line":145,"column":50}},{"start":{"line":145,"column":53},"end":{"line":145,"column":63}}],"line":145},"11":{"loc":{"start":{"line":149,"column":14},"end":{"line":149,"column":77}},"type":"binary-expr","locations":[{"start":{"line":149,"column":14},"end":{"line":149,"column":44}},{"start":{"line":149,"column":48},"end":{"line":149,"column":77}}],"line":149},"12":{"loc":{"start":{"line":152,"column":14},"end":{"line":152,"column":77}},"type":"binary-expr","locations":[{"start":{"line":152,"column":14},"end":{"line":152,"column":44}},{"start":{"line":152,"column":48},"end":{"line":152,"column":77}}],"line":152},"13":{"loc":{"start":{"line":159,"column":28},"end":{"line":159,"column":74}},"type":"cond-expr","locations":[{"start":{"line":159,"column":54},"end":{"line":159,"column":61}},{"start":{"line":159,"column":64},"end":{"line":159,"column":74}}],"line":159}},"s":{"0":0,"1":0,"2":0,"3":0,"4":0,"5":0,"6":0,"7":0,"8":0,"9":0,"10":0,"11":0,"12":0,"13":0,"14":0,"15":0,"16":0,"17":0,"18":0,"19":0,"20":0,"21":0,"22":0,"23":0},"f":{"0":0,"1":0,"2":0,"3":0,"4":0,"5":0,"6":0,"7":0},"b":{"0":[0,0],"1":[0,0],"2":[0,0],"3":[0,0],"4":[0,0],"5":[0,0],"6":[0,0],"7":[0,0],"8":[0,0],"9":[0,0],"10":[0,0],"11":[0,0],"12":[0,0],"13":[0,0]}}
,"D:\\SE\\brace\\client\\src\\pages\\admin\\QuestionCensor.tsx": {"path":"D:\\SE\\brace\\client\\src\\pages\\admin\\QuestionCensor.tsx","statementMap":{"0":{"start":{"line":33,"column":15},"end":{"line":33,"column":45}},"1":{"start":{"line":35,"column":26},"end":{"line":42,"column":1}},"2":{"start":{"line":41,"column":7},"end":{"line":41,"column":52}},"3":{"start":{"line":45,"column":26},"end":{"line":45,"column":37}},"4":{"start":{"line":46,"column":34},"end":{"line":46,"column":46}},"5":{"start":{"line":47,"column":38},"end":{"line":47,"column":53}},"6":{"start":{"line":48,"column":54},"end":{"line":48,"column":66}},"7":{"start":{"line":49,"column":45},"end":{"line":49,"column":58}},"8":{"start":{"line":51,"column":40},"end":{"line":55,"column":3}},"9":{"start":{"line":56,"column":28},"end":{"line":56,"column":50}},"10":{"start":{"line":58,"column":30},"end":{"line":61,"column":3}},"11":{"start":{"line":59,"column":4},"end":{"line":59,"column":30}},"12":{"start":{"line":60,"column":4},"end":{"line":60,"column":24}},"13":{"start":{"line":63,"column":29},"end":{"line":86,"column":3}},"14":{"start":{"line":64,"column":4},"end":{"line":64,"column":25}},"15":{"start":{"line":65,"column":20},"end":{"line":65,"column":76}},"16":{"start":{"line":66,"column":4},"end":{"line":66,"column":23}},"17":{"start":{"line":67,"column":4},"end":{"line":85,"column":5}},"18":{"start":{"line":68,"column":6},"end":{"line":75,"column":9}},"19":{"start":{"line":71,"column":10},"end":{"line":73,"column":23}},"20":{"start":{"line":71,"column":50},"end":{"line":71,"column":68}},"21":{"start":{"line":77,"column":6},"end":{"line":84,"column":9}},"22":{"start":{"line":80,"column":10},"end":{"line":82,"column":23}},"23":{"start":{"line":80,"column":50},"end":{"line":80,"column":68}},"24":{"start":{"line":90,"column":31},"end":{"line":93,"column":3}},"25":{"start":{"line":91,"column":4},"end":{"line":91,"column":50}},"26":{"start":{"line":92,"column":4},"end":{"line":92,"column":15}},"27":{"start":{"line":95,"column":27},"end":{"line":100,"column":3}},"28":{"start":{"line":99,"column":4},"end":{"line":99,"column":18}},"29":{"start":{"line":102,"column":28},"end":{"line":104,"column":3}},"30":{"start":{"line":103,"column":4},"end":{"line":103,"column":25}},"31":{"start":{"line":106,"column":2},"end":{"line":204,"column":4}},"32":{"start":{"line":117,"column":20},"end":{"line":158,"column":31}},"33":{"start":{"line":123,"column":37},"end":{"line":123,"column":69}}},"fnMap":{"0":{"name":"(anonymous_0)","decl":{"start":{"line":36,"column":2},"end":{"line":36,"column":3}},"loc":{"start":{"line":41,"column":7},"end":{"line":41,"column":52}},"line":41},"1":{"name":"QuestionCensor","decl":{"start":{"line":44,"column":24},"end":{"line":44,"column":38}},"loc":{"start":{"line":44,"column":54},"end":{"line":205,"column":1}},"line":44},"2":{"name":"(anonymous_2)","decl":{"start":{"line":58,"column":30},"end":{"line":58,"column":31}},"loc":{"start":{"line":58,"column":46},"end":{"line":61,"column":3}},"line":58},"3":{"name":"(anonymous_3)","decl":{"start":{"line":63,"column":29},"end":{"line":63,"column":30}},"loc":{"start":{"line":63,"column":41},"end":{"line":86,"column":3}},"line":63},"4":{"name":"(anonymous_4)","decl":{"start":{"line":70,"column":16},"end":{"line":70,"column":17}},"loc":{"start":{"line":71,"column":10},"end":{"line":73,"column":23}},"line":71},"5":{"name":"(anonymous_5)","decl":{"start":{"line":71,"column":44},"end":{"line":71,"column":45}},"loc":{"start":{"line":71,"column":50},"end":{"line":71,"column":68}},"line":71},"6":{"name":"(anonymous_6)","decl":{"start":{"line":79,"column":16},"end":{"line":79,"column":17}},"loc":{"start":{"line":80,"column":10},"end":{"line":82,"column":23}},"line":80},"7":{"name":"(anonymous_7)","decl":{"start":{"line":80,"column":44},"end":{"line":80,"column":45}},"loc":{"start":{"line":80,"column":50},"end":{"line":80,"column":68}},"line":80},"8":{"name":"(anonymous_8)","decl":{"start":{"line":90,"column":31},"end":{"line":90,"column":32}},"loc":{"start":{"line":90,"column":79},"end":{"line":93,"column":3}},"line":90},"9":{"name":"(anonymous_9)","decl":{"start":{"line":95,"column":27},"end":{"line":95,"column":28}},"loc":{"start":{"line":98,"column":7},"end":{"line":100,"column":3}},"line":98},"10":{"name":"(anonymous_10)","decl":{"start":{"line":102,"column":28},"end":{"line":102,"column":29}},"loc":{"start":{"line":102,"column":34},"end":{"line":104,"column":3}},"line":102},"11":{"name":"(anonymous_11)","decl":{"start":{"line":116,"column":33},"end":{"line":116,"column":34}},"loc":{"start":{"line":117,"column":20},"end":{"line":158,"column":31}},"line":117},"12":{"name":"(anonymous_12)","decl":{"start":{"line":123,"column":31},"end":{"line":123,"column":32}},"loc":{"start":{"line":123,"column":37},"end":{"line":123,"column":69}},"line":123}},"branchMap":{"0":{"loc":{"start":{"line":67,"column":4},"end":{"line":85,"column":5}},"type":"if","locations":[{"start":{"line":67,"column":4},"end":{"line":85,"column":5}},{"start":{"line":76,"column":11},"end":{"line":85,"column":5}}],"line":67}},"s":{"0":0,"1":0,"2":0,"3":0,"4":0,"5":0,"6":0,"7":0,"8":0,"9":0,"10":0,"11":0,"12":0,"13":0,"14":0,"15":0,"16":0,"17":0,"18":0,"19":0,"20":0,"21":0,"22":0,"23":0,"24":0,"25":0,"26":0,"27":0,"28":0,"29":0,"30":0,"31":0,"32":0,"33":0},"f":{"0":0,"1":0,"2":0,"3":0,"4":0,"5":0,"6":0,"7":0,"8":0,"9":0,"10":0,"11":0,"12":0},"b":{"0":[0,0]}}
,"D:\\SE\\brace\\client\\src\\pages\\user\\Login.tsx": {"path":"D:\\SE\\brace\\client\\src\\pages\\user\\Login.tsx","statementMap":{"0":{"start":{"line":8,"column":26},"end":{"line":12,"column":3}},"1":{"start":{"line":8,"column":55},"end":{"line":12,"column":1}},"2":{"start":{"line":14,"column":26},"end":{"line":21,"column":3}},"3":{"start":{"line":14,"column":55},"end":{"line":21,"column":1}},"4":{"start":{"line":23,"column":25},"end":{"line":30,"column":3}},"5":{"start":{"line":23,"column":55},"end":{"line":30,"column":1}},"6":{"start":{"line":34,"column":15},"end":{"line":34,"column":24}},"7":{"start":{"line":35,"column":2},"end":{"line":58,"column":4}}},"fnMap":{"0":{"name":"(anonymous_0)","decl":{"start":{"line":8,"column":39},"end":{"line":8,"column":40}},"loc":{"start":{"line":8,"column":55},"end":{"line":12,"column":1}},"line":8},"1":{"name":"(anonymous_1)","decl":{"start":{"line":14,"column":39},"end":{"line":14,"column":40}},"loc":{"start":{"line":14,"column":55},"end":{"line":21,"column":1}},"line":14},"2":{"name":"(anonymous_2)","decl":{"start":{"line":23,"column":39},"end":{"line":23,"column":40}},"loc":{"start":{"line":23,"column":55},"end":{"line":30,"column":1}},"line":23},"3":{"name":"Login","decl":{"start":{"line":33,"column":24},"end":{"line":33,"column":29}},"loc":{"start":{"line":33,"column":45},"end":{"line":59,"column":1}},"line":33}},"branchMap":{},"s":{"0":1,"1":4,"2":1,"3":0,"4":1,"5":4,"6":4,"7":4},"f":{"0":4,"1":0,"2":4,"3":4},"b":{},"_coverageSchema":"1a1c01bbd47fc00a2c39e90264f33305004495a9","hash":"f29b1deee5c0f23091102191059d2d2ac0f4d90d"}
,"D:\\SE\\brace\\client\\src\\utils\\test\\test_utils.tsx": {"path":"D:\\SE\\brace\\client\\src\\utils\\test\\test_utils.tsx","statementMap":{"0":{"start":{"line":17,"column":22},"end":{"line":33,"column":1}},"1":{"start":{"line":18,"column":2},"end":{"line":32,"column":4}},"2":{"start":{"line":35,"column":21},"end":{"line":38,"column":65}},"3":{"start":{"line":38,"column":19},"end":{"line":38,"column":65}}},"fnMap":{"0":{"name":"(anonymous_0)","decl":{"start":{"line":17,"column":22},"end":{"line":17,"column":23}},"loc":{"start":{"line":17,"column":40},"end":{"line":33,"column":1}},"line":17},"1":{"name":"(anonymous_1)","decl":{"start":{"line":35,"column":21},"end":{"line":35,"column":22}},"loc":{"start":{"line":38,"column":19},"end":{"line":38,"column":65}},"line":38}},"branchMap":{},"s":{"0":1,"1":3,"2":1,"3":3},"f":{"0":3,"1":3},"b":{},"_coverageSchema":"1a1c01bbd47fc00a2c39e90264f33305004495a9","hash":"724982c8689bb6a34bc31292337128ef69dc2352"}
}
