TN:
SF:src\components\user\LoginForm.tsx
FN:35,LoginForm
FN:42,(anonymous_1)
FN:43,(anonymous_2)
FN:59,(anonymous_3)
FN:71,(anonymous_4)
FN:72,(anonymous_5)
FNF:6
FNH:3
FNDA:132,LoginForm
FNDA:0,(anonymous_1)
FNDA:0,(anonymous_2)
FNDA:1,(anonymous_3)
FNDA:1,(anonymous_4)
FNDA:0,(anonymous_5)
DA:39,132
DA:40,132
DA:42,132
DA:43,0
DA:47,132
DA:53,132
DA:60,1
DA:61,1
DA:62,1
DA:63,0
DA:64,0
DA:65,0
DA:69,1
DA:72,1
DA:77,1
DA:80,0
DA:85,132
LF:17
LH:12
BRDA:62,0,0,0
BRDA:62,0,1,1
BRDA:89,1,0,132
BRDA:89,1,1,0
BRDA:98,2,0,132
BRDA:98,2,1,97
BRDA:99,3,0,132
BRDA:99,3,1,97
BRDA:104,4,0,0
BRDA:104,4,1,132
BRDA:107,5,0,132
BRDA:107,5,1,80
BRDA:108,6,0,132
BRDA:108,6,1,80
BRDA:113,7,0,0
BRDA:113,7,1,132
BRDA:120,8,0,132
BRDA:120,8,1,132
BRF:18
BRH:14
end_of_record
TN:
SF:src\components\user\RegisterForm.tsx
FN:31,RegisterForm
FN:37,(anonymous_1)
FN:38,(anonymous_2)
FN:41,(anonymous_3)
FN:43,(anonymous_4)
FN:69,(anonymous_5)
FN:85,(anonymous_6)
FN:86,(anonymous_7)
FNF:8
FNH:0
FNDA:0,RegisterForm
FNDA:0,(anonymous_1)
FNDA:0,(anonymous_2)
FNDA:0,(anonymous_3)
FNDA:0,(anonymous_4)
FNDA:0,(anonymous_5)
FNDA:0,(anonymous_6)
FNDA:0,(anonymous_7)
DA:32,0
DA:33,0
DA:34,0
DA:35,0
DA:37,0
DA:38,0
DA:41,0
DA:42,0
DA:43,0
DA:48,0
DA:61,0
DA:70,0
DA:71,0
DA:76,0
DA:77,0
DA:78,0
DA:79,0
DA:83,0
DA:86,0
DA:91,0
DA:94,0
DA:99,0
LF:22
LH:0
BRDA:76,0,0,0
BRDA:76,0,1,0
BRDA:103,1,0,0
BRDA:103,1,1,0
BRDA:112,2,0,0
BRDA:112,2,1,0
BRDA:113,3,0,0
BRDA:113,3,1,0
BRDA:121,4,0,0
BRDA:121,4,1,0
BRDA:122,5,0,0
BRDA:122,5,1,0
BRDA:127,6,0,0
BRDA:127,6,1,0
BRDA:130,7,0,0
BRDA:130,7,1,0
BRDA:131,8,0,0
BRDA:131,8,1,0
BRDA:136,9,0,0
BRDA:136,9,1,0
BRDA:145,10,0,0
BRDA:145,10,1,0
BRDA:149,11,0,0
BRDA:149,11,1,0
BRDA:152,12,0,0
BRDA:152,12,1,0
BRDA:159,13,0,0
BRDA:159,13,1,0
BRF:28
BRH:0
end_of_record
TN:
SF:src\pages\admin\QuestionCensor.tsx
FN:36,(anonymous_0)
FN:44,QuestionCensor
FN:58,(anonymous_2)
FN:63,(anonymous_3)
FN:70,(anonymous_4)
FN:71,(anonymous_5)
FN:79,(anonymous_6)
FN:80,(anonymous_7)
FN:90,(anonymous_8)
FN:95,(anonymous_9)
FN:102,(anonymous_10)
FN:116,(anonymous_11)
FN:123,(anonymous_12)
FNF:13
FNH:0
FNDA:0,(anonymous_0)
FNDA:0,QuestionCensor
FNDA:0,(anonymous_2)
FNDA:0,(anonymous_3)
FNDA:0,(anonymous_4)
FNDA:0,(anonymous_5)
FNDA:0,(anonymous_6)
FNDA:0,(anonymous_7)
FNDA:0,(anonymous_8)
FNDA:0,(anonymous_9)
FNDA:0,(anonymous_10)
FNDA:0,(anonymous_11)
FNDA:0,(anonymous_12)
DA:33,0
DA:35,0
DA:41,0
DA:45,0
DA:46,0
DA:47,0
DA:48,0
DA:49,0
DA:51,0
DA:56,0
DA:58,0
DA:59,0
DA:60,0
DA:63,0
DA:64,0
DA:65,0
DA:66,0
DA:67,0
DA:68,0
DA:71,0
DA:77,0
DA:80,0
DA:90,0
DA:91,0
DA:92,0
DA:95,0
DA:99,0
DA:102,0
DA:103,0
DA:106,0
DA:117,0
DA:123,0
LF:32
LH:0
BRDA:67,0,0,0
BRDA:67,0,1,0
BRF:2
BRH:0
end_of_record
TN:
SF:src\pages\user\Login.tsx
FN:8,(anonymous_0)
FN:14,(anonymous_1)
FN:23,(anonymous_2)
FN:33,Login
FNF:4
FNH:3
FNDA:4,(anonymous_0)
FNDA:0,(anonymous_1)
FNDA:4,(anonymous_2)
FNDA:4,Login
DA:8,4
DA:14,1
DA:23,4
DA:34,4
DA:35,4
LF:5
LH:5
BRF:0
BRH:0
end_of_record
TN:
SF:src\utils\test\test_utils.tsx
FN:17,(anonymous_0)
FN:35,(anonymous_1)
FNF:2
FNH:2
FNDA:3,(anonymous_0)
FNDA:3,(anonymous_1)
DA:17,1
DA:18,3
DA:35,1
DA:38,3
LF:4
LH:4
BRF:0
BRH:0
end_of_record
